{
  message: 'Db Connected',
  level: 'info',
  label: 'HV',
  timestamp: '2023-06-14T06:02:30.663Z'
}
{
  message: 'university app listening on port 5000',
  level: 'info',
  label: 'HV',
  timestamp: '2023-06-14T06:02:30.671Z'
}
{
  message: 'Db Connected',
  level: 'info',
  label: 'HV',
  timestamp: '2023-06-14T06:05:12.736Z'
}
{
  message: 'university app listening on port 5000',
  level: 'info',
  label: 'HV',
  timestamp: '2023-06-14T06:05:12.743Z'
}
{
  message: 'Db Connected',
  level: 'info',
  label: 'HV',
  timestamp: '2023-06-14T06:05:39.731Z'
}
{
  message: 'university app listening on port 5000',
  level: 'info',
  label: 'HV',
  timestamp: '2023-06-14T06:05:39.737Z'
}
{
  message: 'Db Connected',
  level: 'info',
  label: 'HV',
  timestamp: '2023-06-14T06:05:45.934Z'
}
{
  message: 'university app listening on port 5000',
  level: 'info',
  label: 'HV',
  timestamp: '2023-06-14T06:05:45.940Z'
}
{
  message: 'Db Connected',
  level: 'info',
  label: 'HV',
  timestamp: '2023-06-14T06:06:17.753Z'
}
{
  message: 'university app listening on port 5000',
  level: 'info',
  label: 'HV',
  timestamp: '2023-06-14T06:06:17.760Z'
}
{
  message: 'Db Connected',
  level: 'info',
  label: 'HV',
  timestamp: '2023-06-14T06:06:52.891Z'
}
{
  message: 'university app listening on port 5000',
  level: 'info',
  label: 'HV',
  timestamp: '2023-06-14T06:06:52.897Z'
}
{
  message: 'Db Connected',
  level: 'info',
  label: 'HV',
  timestamp: '2023-06-14T06:09:46.886Z'
}
{
  message: 'university app listening on port 5000',
  level: 'info',
  label: 'HV',
  timestamp: '2023-06-14T06:09:46.893Z'
}
{
  message: 'Db Connected',
  level: 'info',
  label: 'HV',
  timestamp: '2023-06-14T06:09:51.612Z'
}
{
  message: 'university app listening on port 5000',
  level: 'info',
  label: 'HV',
  timestamp: '2023-06-14T06:09:51.618Z'
}
{
  message: 'Db Connected',
  level: 'info',
  label: 'HV',
  timestamp: '2023-06-14T06:09:55.063Z'
}
{
  message: 'university app listening on port 5000',
  level: 'info',
  label: 'HV',
  timestamp: '2023-06-14T06:09:55.069Z'
}
{
  message: 'Db Connected',
  level: 'info',
  label: 'HV',
  timestamp: '2023-06-14T06:09:58.009Z'
}
{
  message: 'university app listening on port 5000',
  level: 'info',
  label: 'HV',
  timestamp: '2023-06-14T06:09:58.014Z'
}
{
  message: 'Db Connected',
  level: 'info',
  label: 'HV',
  timestamp: '2023-06-14T06:10:00.022Z'
}
{
  message: 'university app listening on port 5000',
  level: 'info',
  label: 'HV',
  timestamp: '2023-06-14T06:10:00.028Z'
}
{
  message: 'Db Connected',
  level: 'info',
  label: 'HV',
  timestamp: '2023-06-14T06:10:11.045Z'
}
{
  message: 'university app listening on port 5000',
  level: 'info',
  label: 'HV',
  timestamp: '2023-06-14T06:10:11.049Z'
}
{
  message: 'Db Connected',
  level: 'info',
  label: 'HV',
  timestamp: '2023-06-14T06:10:38.995Z'
}
{
  message: 'university app listening on port 5000',
  level: 'info',
  label: 'HV',
  timestamp: '2023-06-14T06:10:39.001Z'
}
{
  message: 'Db Connected',
  level: 'info',
  label: 'HV',
  timestamp: '2023-06-14T06:10:43.965Z'
}
{
  message: 'university app listening on port 5000',
  level: 'info',
  label: 'HV',
  timestamp: '2023-06-14T06:10:43.971Z'
}
{
  message: 'Db Connected',
  level: 'info',
  label: 'HV',
  timestamp: '2023-06-14T06:10:59.991Z'
}
{
  message: 'university app listening on port 5000',
  level: 'info',
  label: 'HV',
  timestamp: '2023-06-14T06:10:59.997Z'
}
{
  message: 'Db Connected',
  level: 'info',
  label: 'HV',
  timestamp: '2023-06-14T06:31:05.996Z'
}
{
  message: 'university app listening on port 5000',
  level: 'info',
  label: 'HV',
  timestamp: '2023-06-14T06:31:06.002Z'
}
{
  message: 'Db Connected',
  level: 'info',
  label: 'HV',
  timestamp: '2023-06-14T06:31:08.649Z'
}
{
  message: 'university app listening on port 5000',
  level: 'info',
  label: 'HV',
  timestamp: '2023-06-14T06:31:08.655Z'
}
{
  message: 'Db Connected',
  level: 'info',
  label: 'HV',
  timestamp: '2023-06-14T06:34:22.303Z'
}
{
  message: 'university app listening on port 5000',
  level: 'info',
  label: 'HV',
  timestamp: '2023-06-14T06:34:22.309Z'
}
{
  message: 'Db Connected',
  level: 'info',
  label: 'HV',
  timestamp: '2023-06-14T06:34:29.713Z'
}
{
  message: 'university app listening on port 5000',
  level: 'info',
  label: 'HV',
  timestamp: '2023-06-14T06:34:29.719Z'
}
{
  message: 'Db Connected',
  level: 'info',
  label: 'HV',
  timestamp: '2023-06-14T06:34:37.691Z'
}
{
  message: 'university app listening on port 5000',
  level: 'info',
  label: 'HV',
  timestamp: '2023-06-14T06:34:37.697Z'
}
{
  message: 'Db Connected',
  level: 'info',
  label: 'HV',
  timestamp: '2023-06-14T06:34:48.422Z'
}
{
  message: 'university app listening on port 5000',
  level: 'info',
  label: 'HV',
  timestamp: '2023-06-14T06:34:48.428Z'
}
{
  message: 'Db Connected',
  level: 'info',
  label: 'HV',
  timestamp: '2023-06-14T06:34:52.992Z'
}
{
  message: 'university app listening on port 5000',
  level: 'info',
  label: 'HV',
  timestamp: '2023-06-14T06:34:52.998Z'
}
{
  message: 'Db Connected',
  level: 'info',
  label: 'HV',
  timestamp: '2023-06-14T06:34:55.421Z'
}
{
  message: 'university app listening on port 5000',
  level: 'info',
  label: 'HV',
  timestamp: '2023-06-14T06:34:55.427Z'
}
{
  message: 'Db Connected',
  level: 'info',
  label: 'HV',
  timestamp: '2023-06-14T06:35:01.937Z'
}
{
  message: 'university app listening on port 5000',
  level: 'info',
  label: 'HV',
  timestamp: '2023-06-14T06:35:01.943Z'
}
{
  message: 'Db Connected',
  level: 'info',
  label: 'HV',
  timestamp: '2023-06-14T06:35:08.066Z'
}
{
  message: 'university app listening on port 5000',
  level: 'info',
  label: 'HV',
  timestamp: '2023-06-14T06:35:08.072Z'
}
{
  message: 'Db Connected',
  level: 'info',
  label: 'HV',
  timestamp: '2023-06-14T06:35:12.493Z'
}
{
  message: 'university app listening on port 5000',
  level: 'info',
  label: 'HV',
  timestamp: '2023-06-14T06:35:12.499Z'
}
{
  message: 'Db Connected',
  level: 'info',
  label: 'HV',
  timestamp: '2023-06-14T06:35:16.399Z'
}
{
  message: 'university app listening on port 5000',
  level: 'info',
  label: 'HV',
  timestamp: '2023-06-14T06:35:16.405Z'
}
{
  message: 'Db Connected',
  level: 'info',
  label: 'HV',
  timestamp: '2023-06-14T06:40:15.646Z'
}
{
  message: 'university app listening on port 5000',
  level: 'info',
  label: 'HV',
  timestamp: '2023-06-14T06:40:15.652Z'
}
{
  message: 'Db Connected',
  level: 'info',
  label: 'HV',
  timestamp: '2023-06-14T06:40:23.560Z'
}
{
  message: 'university app listening on port 5000',
  level: 'info',
  label: 'HV',
  timestamp: '2023-06-14T06:40:23.567Z'
}
{
  message: 'Db Connected',
  level: 'info',
  label: 'HV',
  timestamp: '2023-06-14T06:40:35.623Z'
}
{
  message: 'university app listening on port 5000',
  level: 'info',
  label: 'HV',
  timestamp: '2023-06-14T06:40:35.629Z'
}
{
  message: 'Db Connected',
  level: 'info',
  label: 'HV',
  timestamp: '2023-06-14T06:40:46.050Z'
}
{
  message: 'university app listening on port 5000',
  level: 'info',
  label: 'HV',
  timestamp: '2023-06-14T06:40:46.056Z'
}
{
  message: 'Db Connected',
  level: 'info',
  label: 'HV',
  timestamp: '2023-06-14T06:40:49.097Z'
}
{
  message: 'university app listening on port 5000',
  level: 'info',
  label: 'HV',
  timestamp: '2023-06-14T06:40:49.102Z'
}
{
  message: 'Db Connected',
  level: 'info',
  label: 'HV',
  timestamp: '2023-06-14T06:40:58.760Z'
}
{
  message: 'university app listening on port 5000',
  level: 'info',
  label: 'HV',
  timestamp: '2023-06-14T06:40:58.766Z'
}
{
  message: 'Db Connected',
  level: 'info',
  label: 'HV',
  timestamp: '2023-06-14T06:41:39.020Z'
}
{
  message: 'university app listening on port 5000',
  level: 'info',
  label: 'HV',
  timestamp: '2023-06-14T06:41:39.026Z'
}
{
  message: 'Db Connected',
  level: 'info',
  label: 'HV',
  timestamp: '2023-06-14T06:43:03.243Z'
}
{
  message: 'university app listening on port 5000',
  level: 'info',
  label: 'HV',
  timestamp: '2023-06-14T06:43:03.248Z'
}
{
  message: 'Db Connected',
  level: 'info',
  label: 'HV',
  timestamp: '2023-06-14T06:46:40.061Z'
}
{
  message: 'university app listening on port 5000',
  level: 'info',
  label: 'HV',
  timestamp: '2023-06-14T06:46:40.067Z'
}
{
  message: 'Db Connected',
  level: 'info',
  label: 'HV',
  timestamp: '2023-06-14T06:46:48.361Z'
}
{
  message: 'university app listening on port 5000',
  level: 'info',
  label: 'HV',
  timestamp: '2023-06-14T06:46:48.367Z'
}
{
  message: 'Db Connected',
  level: 'info',
  label: 'HV',
  timestamp: '2023-06-14T06:47:19.403Z'
}
{
  message: 'university app listening on port 5000',
  level: 'info',
  label: 'HV',
  timestamp: '2023-06-14T06:47:19.410Z'
}
{
  message: 'Db Connected',
  level: 'info',
  label: 'HV',
  timestamp: '2023-06-14T06:49:16.156Z'
}
{
  message: 'university app listening on port 5000',
  level: 'info',
  label: 'HV',
  timestamp: '2023-06-14T06:49:16.162Z'
}
{
  message: 'Db Connected',
  level: 'info',
  label: 'HV',
  timestamp: '2023-06-14T06:50:47.801Z'
}
{
  message: 'university app listening on port 5000',
  level: 'info',
  label: 'HV',
  timestamp: '2023-06-14T06:50:47.807Z'
}
{
  message: 'Db Connected',
  level: 'info',
  label: 'HV',
  timestamp: '2023-06-14T06:51:57.941Z'
}
{
  message: 'university app listening on port 5000',
  level: 'info',
  label: 'HV',
  timestamp: '2023-06-14T06:51:57.948Z'
}
{
  message: 'Db Connected',
  level: 'info',
  label: 'HV',
  timestamp: '2023-06-14T06:53:56.464Z'
}
{
  message: 'university app listening on port 5000',
  level: 'info',
  label: 'HV',
  timestamp: '2023-06-14T06:53:56.469Z'
}
{
  message: 'Db Connected',
  level: 'info',
  label: 'HV',
  timestamp: '2023-06-14T06:54:47.212Z'
}
{
  message: 'university app listening on port 5000',
  level: 'info',
  label: 'HV',
  timestamp: '2023-06-14T06:54:47.218Z'
}
