{
  message: 'Db Connected',
  level: 'info',
  label: 'HV',
  timestamp: '2023-06-29T05:55:04.003Z'
}
{
  message: 'university app listening on port 5000',
  level: 'info',
  label: 'HV',
  timestamp: '2023-06-29T05:55:04.010Z'
}
{
  message: 'Db Connected',
  level: 'info',
  label: 'HV',
  timestamp: '2023-06-29T05:58:54.309Z'
}
{
  message: 'university app listening on port 5000',
  level: 'info',
  label: 'HV',
  timestamp: '2023-06-29T05:58:54.315Z'
}
{
  message: 'Db Connected',
  level: 'info',
  label: 'HV',
  timestamp: '2023-06-29T05:59:12.871Z'
}
{
  message: 'university app listening on port 5000',
  level: 'info',
  label: 'HV',
  timestamp: '2023-06-29T05:59:12.878Z'
}
{
  message: 'Db Connected',
  level: 'info',
  label: 'HV',
  timestamp: '2023-06-29T05:59:19.728Z'
}
{
  message: 'university app listening on port 5000',
  level: 'info',
  label: 'HV',
  timestamp: '2023-06-29T05:59:19.734Z'
}
{
  message: 'Db Connected',
  level: 'info',
  label: 'HV',
  timestamp: '2023-06-29T05:59:28.987Z'
}
{
  message: 'university app listening on port 5000',
  level: 'info',
  label: 'HV',
  timestamp: '2023-06-29T05:59:28.994Z'
}
{
  message: 'Db Connected',
  level: 'info',
  label: 'HV',
  timestamp: '2023-06-29T05:59:33.198Z'
}
{
  message: 'university app listening on port 5000',
  level: 'info',
  label: 'HV',
  timestamp: '2023-06-29T05:59:33.206Z'
}
{
  message: 'Db Connected',
  level: 'info',
  label: 'HV',
  timestamp: '2023-06-29T05:59:38.303Z'
}
{
  message: 'university app listening on port 5000',
  level: 'info',
  label: 'HV',
  timestamp: '2023-06-29T05:59:38.309Z'
}
{
  message: 'Db Connected',
  level: 'info',
  label: 'HV',
  timestamp: '2023-06-29T05:59:46.519Z'
}
{
  message: 'university app listening on port 5000',
  level: 'info',
  label: 'HV',
  timestamp: '2023-06-29T05:59:46.527Z'
}
{
  message: 'Db Connected',
  level: 'info',
  label: 'HV',
  timestamp: '2023-06-29T05:59:55.795Z'
}
{
  message: 'university app listening on port 5000',
  level: 'info',
  label: 'HV',
  timestamp: '2023-06-29T05:59:55.801Z'
}
{
  message: 'Db Connected',
  level: 'info',
  label: 'HV',
  timestamp: '2023-06-29T05:59:59.394Z'
}
{
  message: 'university app listening on port 5000',
  level: 'info',
  label: 'HV',
  timestamp: '2023-06-29T05:59:59.400Z'
}
