{
  message: 'Db Connected',
  level: 'info',
  label: 'HV',
  timestamp: '2023-06-27T07:04:53.059Z'
}
{
  message: 'university app listening on port 5000',
  level: 'info',
  label: 'HV',
  timestamp: '2023-06-27T07:04:53.065Z'
}
{
  message: 'Db Connected',
  level: 'info',
  label: 'HV',
  timestamp: '2023-06-27T07:08:27.966Z'
}
{
  message: 'university app listening on port 5000',
  level: 'info',
  label: 'HV',
  timestamp: '2023-06-27T07:08:27.972Z'
}
{
  message: 'Db Connected',
  level: 'info',
  label: 'HV',
  timestamp: '2023-06-27T07:08:52.361Z'
}
{
  message: 'university app listening on port 5000',
  level: 'info',
  label: 'HV',
  timestamp: '2023-06-27T07:08:52.367Z'
}
{
  message: 'Db Connected',
  level: 'info',
  label: 'HV',
  timestamp: '2023-06-27T07:09:03.502Z'
}
{
  message: 'university app listening on port 5000',
  level: 'info',
  label: 'HV',
  timestamp: '2023-06-27T07:09:03.508Z'
}
{
  message: 'Db Connected',
  level: 'info',
  label: 'HV',
  timestamp: '2023-06-27T07:09:08.199Z'
}
{
  message: 'university app listening on port 5000',
  level: 'info',
  label: 'HV',
  timestamp: '2023-06-27T07:09:08.206Z'
}
{
  message: 'Db Connected',
  level: 'info',
  label: 'HV',
  timestamp: '2023-06-27T07:09:12.324Z'
}
{
  message: 'university app listening on port 5000',
  level: 'info',
  label: 'HV',
  timestamp: '2023-06-27T07:09:12.331Z'
}
{
  message: 'Db Connected',
  level: 'info',
  label: 'HV',
  timestamp: '2023-06-27T07:09:18.872Z'
}
{
  message: 'university app listening on port 5000',
  level: 'info',
  label: 'HV',
  timestamp: '2023-06-27T07:09:18.878Z'
}
{
  message: 'Db Connected',
  level: 'info',
  label: 'HV',
  timestamp: '2023-06-27T07:09:35.399Z'
}
{
  message: 'university app listening on port 5000',
  level: 'info',
  label: 'HV',
  timestamp: '2023-06-27T07:09:35.405Z'
}
{
  message: 'Db Connected',
  level: 'info',
  label: 'HV',
  timestamp: '2023-06-27T07:19:52.229Z'
}
{
  message: 'university app listening on port 5000',
  level: 'info',
  label: 'HV',
  timestamp: '2023-06-27T07:19:52.235Z'
}
{
  message: 'Db Connected',
  level: 'info',
  label: 'HV',
  timestamp: '2023-06-27T07:27:11.981Z'
}
{
  message: 'university app listening on port 5000',
  level: 'info',
  label: 'HV',
  timestamp: '2023-06-27T07:27:11.987Z'
}
{
  message: 'Db Connected',
  level: 'info',
  label: 'HV',
  timestamp: '2023-06-27T07:27:29.676Z'
}
{
  message: 'university app listening on port 5000',
  level: 'info',
  label: 'HV',
  timestamp: '2023-06-27T07:27:29.683Z'
}
{
  message: 'Db Connected',
  level: 'info',
  label: 'HV',
  timestamp: '2023-06-27T07:28:52.392Z'
}
{
  message: 'university app listening on port 5000',
  level: 'info',
  label: 'HV',
  timestamp: '2023-06-27T07:28:52.399Z'
}
{
  message: 'Db Connected',
  level: 'info',
  label: 'HV',
  timestamp: '2023-06-27T07:29:16.687Z'
}
{
  message: 'university app listening on port 5000',
  level: 'info',
  label: 'HV',
  timestamp: '2023-06-27T07:29:16.694Z'
}
{
  message: 'Db Connected',
  level: 'info',
  label: 'HV',
  timestamp: '2023-06-27T07:29:43.549Z'
}
{
  message: 'university app listening on port 5000',
  level: 'info',
  label: 'HV',
  timestamp: '2023-06-27T07:29:43.556Z'
}
{
  message: 'Db Connected',
  level: 'info',
  label: 'HV',
  timestamp: '2023-06-27T07:36:34.310Z'
}
{
  message: 'university app listening on port 5000',
  level: 'info',
  label: 'HV',
  timestamp: '2023-06-27T07:36:34.316Z'
}
