{
  message: 'Db Connected',
  level: 'info',
  label: 'HV',
  timestamp: '2023-06-11T14:08:05.984Z'
}
{
  message: 'university app listening on port 5000',
  level: 'info',
  label: 'HV',
  timestamp: '2023-06-11T14:08:05.991Z'
}
{
  message: 'Db Connected',
  level: 'info',
  label: 'HV',
  timestamp: '2023-06-11T14:09:39.250Z'
}
{
  message: 'university app listening on port 5000',
  level: 'info',
  label: 'HV',
  timestamp: '2023-06-11T14:09:39.257Z'
}
{
  message: 'Db Connected',
  level: 'info',
  label: 'HV',
  timestamp: '2023-06-11T14:09:49.925Z'
}
{
  message: 'university app listening on port 5000',
  level: 'info',
  label: 'HV',
  timestamp: '2023-06-11T14:09:49.932Z'
}
{
  message: 'Db Connected',
  level: 'info',
  label: 'HV',
  timestamp: '2023-06-11T14:09:54.694Z'
}
{
  message: 'university app listening on port 5000',
  level: 'info',
  label: 'HV',
  timestamp: '2023-06-11T14:09:54.700Z'
}
{
  message: 'Db Connected',
  level: 'info',
  label: 'HV',
  timestamp: '2023-06-11T14:09:57.055Z'
}
{
  message: 'university app listening on port 5000',
  level: 'info',
  label: 'HV',
  timestamp: '2023-06-11T14:09:57.061Z'
}
{
  message: 'Db Connected',
  level: 'info',
  label: 'HV',
  timestamp: '2023-06-11T14:19:23.481Z'
}
{
  message: 'university app listening on port 5000',
  level: 'info',
  label: 'HV',
  timestamp: '2023-06-11T14:19:23.487Z'
}
{
  message: 'Db Connected',
  level: 'info',
  label: 'HV',
  timestamp: '2023-06-11T14:23:00.694Z'
}
{
  message: 'university app listening on port 5000',
  level: 'info',
  label: 'HV',
  timestamp: '2023-06-11T14:23:00.701Z'
}
{
  message: 'Db Connected',
  level: 'info',
  label: 'HV',
  timestamp: '2023-06-11T14:23:04.640Z'
}
{
  message: 'university app listening on port 5000',
  level: 'info',
  label: 'HV',
  timestamp: '2023-06-11T14:23:04.646Z'
}
{
  message: 'Db Connected',
  level: 'info',
  label: 'HV',
  timestamp: '2023-06-11T14:23:11.999Z'
}
{
  message: 'university app listening on port 5000',
  level: 'info',
  label: 'HV',
  timestamp: '2023-06-11T14:23:12.005Z'
}
{
  message: 'Db Connected',
  level: 'info',
  label: 'HV',
  timestamp: '2023-06-11T14:23:14.805Z'
}
{
  message: 'university app listening on port 5000',
  level: 'info',
  label: 'HV',
  timestamp: '2023-06-11T14:23:14.811Z'
}
{
  message: 'Db Connected',
  level: 'info',
  label: 'HV',
  timestamp: '2023-06-11T14:23:17.794Z'
}
{
  message: 'university app listening on port 5000',
  level: 'info',
  label: 'HV',
  timestamp: '2023-06-11T14:23:17.800Z'
}
{
  message: 'Db Connected',
  level: 'info',
  label: 'HV',
  timestamp: '2023-06-11T14:23:24.518Z'
}
{
  message: 'university app listening on port 5000',
  level: 'info',
  label: 'HV',
  timestamp: '2023-06-11T14:23:24.524Z'
}
