{
  message: 'Db Connected',
  level: 'info',
  label: 'HV',
  timestamp: '2023-06-05T05:42:45.661Z'
}
{
  message: 'university app listening on port 5000',
  level: 'info',
  label: 'HV',
  timestamp: '2023-06-05T05:42:45.669Z'
}
{
  message: 'Db Connected',
  level: 'info',
  label: 'HV',
  timestamp: '2023-06-05T05:46:47.907Z'
}
{
  message: 'university app listening on port 5000',
  level: 'info',
  label: 'HV',
  timestamp: '2023-06-05T05:46:47.913Z'
}
{
  message: 'Db Connected',
  level: 'info',
  label: 'HV',
  timestamp: '2023-06-05T05:47:19.606Z'
}
{
  message: 'university app listening on port 5000',
  level: 'info',
  label: 'HV',
  timestamp: '2023-06-05T05:47:19.612Z'
}
{
  message: 'Db Connected',
  level: 'info',
  label: 'HV',
  timestamp: '2023-06-05T05:48:12.554Z'
}
{
  message: 'university app listening on port 5000',
  level: 'info',
  label: 'HV',
  timestamp: '2023-06-05T05:48:12.559Z'
}
{
  message: 'Db Connected',
  level: 'info',
  label: 'HV',
  timestamp: '2023-06-05T05:48:15.962Z'
}
{
  message: 'university app listening on port 5000',
  level: 'info',
  label: 'HV',
  timestamp: '2023-06-05T05:48:15.969Z'
}
{
  message: 'Db Connected',
  level: 'info',
  label: 'HV',
  timestamp: '2023-06-05T05:48:28.914Z'
}
{
  message: 'university app listening on port 5000',
  level: 'info',
  label: 'HV',
  timestamp: '2023-06-05T05:48:28.921Z'
}
{
  message: 'Db Connected',
  level: 'info',
  label: 'HV',
  timestamp: '2023-06-05T05:48:37.591Z'
}
{
  message: 'university app listening on port 5000',
  level: 'info',
  label: 'HV',
  timestamp: '2023-06-05T05:48:37.598Z'
}
{
  message: 'Db Connected',
  level: 'info',
  label: 'HV',
  timestamp: '2023-06-05T05:51:17.021Z'
}
{
  message: 'university app listening on port 5000',
  level: 'info',
  label: 'HV',
  timestamp: '2023-06-05T05:51:17.027Z'
}
{
  message: 'Db Connected',
  level: 'info',
  label: 'HV',
  timestamp: '2023-06-05T05:51:48.752Z'
}
{
  message: 'university app listening on port 5000',
  level: 'info',
  label: 'HV',
  timestamp: '2023-06-05T05:51:48.758Z'
}
{
  message: 'Db Connected',
  level: 'info',
  label: 'HV',
  timestamp: '2023-06-05T05:51:52.577Z'
}
{
  message: 'university app listening on port 5000',
  level: 'info',
  label: 'HV',
  timestamp: '2023-06-05T05:51:52.583Z'
}
{
  message: 'Db Connected',
  level: 'info',
  label: 'HV',
  timestamp: '2023-06-05T05:51:56.463Z'
}
{
  message: 'university app listening on port 5000',
  level: 'info',
  label: 'HV',
  timestamp: '2023-06-05T05:51:56.469Z'
}
{
  message: 'Db Connected',
  level: 'info',
  label: 'HV',
  timestamp: '2023-06-05T05:51:59.957Z'
}
{
  message: 'university app listening on port 5000',
  level: 'info',
  label: 'HV',
  timestamp: '2023-06-05T05:51:59.963Z'
}
{
  message: 'Db Connected',
  level: 'info',
  label: 'HV',
  timestamp: '2023-06-05T05:52:04.593Z'
}
{
  message: 'university app listening on port 5000',
  level: 'info',
  label: 'HV',
  timestamp: '2023-06-05T05:52:04.601Z'
}
{
  message: 'Db Connected',
  level: 'info',
  label: 'HV',
  timestamp: '2023-06-05T05:59:06.267Z'
}
{
  message: 'university app listening on port 5000',
  level: 'info',
  label: 'HV',
  timestamp: '2023-06-05T05:59:06.273Z'
}
