{
  message: 'Db Connected',
  level: 'info',
  label: 'right meow!',
  timestamp: '2023-06-03T14:00:08.625Z'
}
{
  message: 'university app listening on port 5000',
  level: 'info',
  label: 'right meow!',
  timestamp: '2023-06-03T14:00:08.631Z'
}
{
  message: 'Db Connected',
  level: 'info',
  label: 'right meow!',
  timestamp: '2023-06-03T14:00:14.153Z'
}
{
  message: 'university app listening on port 5000',
  level: 'info',
  label: 'right meow!',
  timestamp: '2023-06-03T14:00:14.158Z'
}
{
  message: 'Db Connected',
  level: 'info',
  label: 'right meow!',
  timestamp: '2023-06-03T14:00:24.517Z'
}
{
  message: 'university app listening on port 5000',
  level: 'info',
  label: 'right meow!',
  timestamp: '2023-06-03T14:00:24.522Z'
}
{
  message: 'Db Connected',
  level: 'info',
  label: 'right meow!',
  timestamp: '2023-06-03T14:00:35.364Z'
}
{
  message: 'university app listening on port 5000',
  level: 'info',
  label: 'right meow!',
  timestamp: '2023-06-03T14:00:35.370Z'
}
{
  message: 'Db Connected',
  level: 'info',
  label: 'right meow!',
  timestamp: '2023-06-03T14:00:41.369Z'
}
{
  message: 'university app listening on port 5000',
  level: 'info',
  label: 'right meow!',
  timestamp: '2023-06-03T14:00:41.375Z'
}
{
  message: 'Db Connected',
  level: 'info',
  label: 'right meow!',
  timestamp: '2023-06-03T14:00:52.026Z'
}
{
  message: 'university app listening on port 5000',
  level: 'info',
  label: 'right meow!',
  timestamp: '2023-06-03T14:00:52.032Z'
}
{
  message: 'Db Connected',
  level: 'info',
  label: 'right meow!',
  timestamp: '2023-06-03T14:00:58.246Z'
}
{
  message: 'university app listening on port 5000',
  level: 'info',
  label: 'right meow!',
  timestamp: '2023-06-03T14:00:58.251Z'
}
{
  message: 'Db Connected',
  level: 'info',
  label: 'right meow!',
  timestamp: '2023-06-03T14:01:10.876Z'
}
{
  message: 'university app listening on port 5000',
  level: 'info',
  label: 'right meow!',
  timestamp: '2023-06-03T14:01:10.881Z'
}
{
  message: 'Db Connected',
  level: 'info',
  label: 'right meow!',
  timestamp: '2023-06-03T14:01:13.478Z'
}
{
  message: 'university app listening on port 5000',
  level: 'info',
  label: 'right meow!',
  timestamp: '2023-06-03T14:01:13.484Z'
}
{
  message: 'Db Connected',
  level: 'info',
  label: 'right meow!',
  timestamp: '2023-06-03T14:01:17.548Z'
}
{
  message: 'university app listening on port 5000',
  level: 'info',
  label: 'right meow!',
  timestamp: '2023-06-03T14:01:17.554Z'
}
{
  message: 'Db Connected',
  level: 'info',
  label: 'right meow!',
  timestamp: '2023-06-03T14:01:21.000Z'
}
{
  message: 'university app listening on port 5000',
  level: 'info',
  label: 'right meow!',
  timestamp: '2023-06-03T14:01:21.006Z'
}
{
  message: 'Db Connected',
  level: 'info',
  label: 'right meow!',
  timestamp: '2023-06-03T14:01:36.928Z'
}
{
  message: 'university app listening on port 5000',
  level: 'info',
  label: 'right meow!',
  timestamp: '2023-06-03T14:01:36.933Z'
}
