{
  errno: undefined,
  code: 'ETIMEOUT',
  syscall: 'querySrv',
  hostname: '_mongodb._tcp.cluster0.h5qu391.mongodb.net',
  level: 'error',
  message: 'Failed to Connect Db querySrv ETIMEOUT _mongodb._tcp.cluster0.h5qu391.mongodb.net',
  stack: 'Error: querySrv ETIMEOUT _mongodb._tcp.cluster0.h5qu391.mongodb.net\n' +
    '    at QueryReqWrap.onresolve [as oncomplete] (node:internal/dns/promises:173:17)',
  label: 'HV',
  timestamp: '2023-07-02T06:43:45.837Z'
}
{
  errno: undefined,
  code: 'ECONNREFUSED',
  syscall: 'querySrv',
  hostname: '_mongodb._tcp.cluster0.h5qu391.mongodb.net',
  level: 'error',
  message: 'Failed to Connect Db querySrv ECONNREFUSED _mongodb._tcp.cluster0.h5qu391.mongodb.net',
  stack: 'Error: querySrv ECONNREFUSED _mongodb._tcp.cluster0.h5qu391.mongodb.net\n' +
    '    at QueryReqWrap.onresolve [as oncomplete] (node:internal/dns/promises:173:17)',
  label: 'HV',
  timestamp: '2023-07-02T06:43:48.766Z'
}
{
  errno: undefined,
  code: 'ECONNREFUSED',
  syscall: 'querySrv',
  hostname: '_mongodb._tcp.cluster0.h5qu391.mongodb.net',
  level: 'error',
  message: 'Failed to Connect Db querySrv ECONNREFUSED _mongodb._tcp.cluster0.h5qu391.mongodb.net',
  stack: 'Error: querySrv ECONNREFUSED _mongodb._tcp.cluster0.h5qu391.mongodb.net\n' +
    '    at QueryReqWrap.onresolve [as oncomplete] (node:internal/dns/promises:173:17)',
  label: 'HV',
  timestamp: '2023-07-02T06:43:50.174Z'
}
{
  errno: undefined,
  code: 'ECONNREFUSED',
  syscall: 'querySrv',
  hostname: '_mongodb._tcp.cluster0.h5qu391.mongodb.net',
  level: 'error',
  message: 'Failed to Connect Db querySrv ECONNREFUSED _mongodb._tcp.cluster0.h5qu391.mongodb.net',
  stack: 'Error: querySrv ECONNREFUSED _mongodb._tcp.cluster0.h5qu391.mongodb.net\n' +
    '    at QueryReqWrap.onresolve [as oncomplete] (node:internal/dns/promises:173:17)',
  label: 'HV',
  timestamp: '2023-07-02T06:43:51.639Z'
}
{
  errno: undefined,
  code: 'ECONNREFUSED',
  syscall: 'querySrv',
  hostname: '_mongodb._tcp.cluster0.h5qu391.mongodb.net',
  level: 'error',
  message: 'Failed to Connect Db querySrv ECONNREFUSED _mongodb._tcp.cluster0.h5qu391.mongodb.net',
  stack: 'Error: querySrv ECONNREFUSED _mongodb._tcp.cluster0.h5qu391.mongodb.net\n' +
    '    at QueryReqWrap.onresolve [as oncomplete] (node:internal/dns/promises:173:17)',
  label: 'HV',
  timestamp: '2023-07-02T06:43:57.447Z'
}
{
  errno: undefined,
  code: 'ECONNREFUSED',
  syscall: 'querySrv',
  hostname: '_mongodb._tcp.cluster0.h5qu391.mongodb.net',
  level: 'error',
  message: 'Failed to Connect Db querySrv ECONNREFUSED _mongodb._tcp.cluster0.h5qu391.mongodb.net',
  stack: 'Error: querySrv ECONNREFUSED _mongodb._tcp.cluster0.h5qu391.mongodb.net\n' +
    '    at QueryReqWrap.onresolve [as oncomplete] (node:internal/dns/promises:173:17)',
  label: 'HV',
  timestamp: '2023-07-02T06:44:05.448Z'
}
{
  message: "Failed to Connect Db Could not connect to any servers in your MongoDB Atlas cluster. One common reason is that you're trying to access the database from an IP that isn't whitelisted. Make sure your current IP address is on your Atlas cluster's IP whitelist: https://www.mongodb.com/docs/atlas/security-whitelist/",
  reason: TopologyDescription {
    type: 'ReplicaSetNoPrimary',
    servers: Map(3) {
      'ac-hgegioy-shard-00-02.h5qu391.mongodb.net:27017' => ServerDescription {
        address: 'ac-hgegioy-shard-00-02.h5qu391.mongodb.net:27017',
        type: 'Unknown',
        hosts: [],
        passives: [],
        arbiters: [],
        tags: {},
        minWireVersion: 0,
        maxWireVersion: 0,
        roundTripTime: -1,
        lastUpdateTime: 1268304824,
        lastWriteDate: 0,
        error: null,
        topologyVersion: null,
        setName: null,
        setVersion: null,
        electionId: null,
        logicalSessionTimeoutMinutes: null,
        primary: null,
        me: null,
        '$clusterTime': null
      },
      'ac-hgegioy-shard-00-00.h5qu391.mongodb.net:27017' => ServerDescription {
        address: 'ac-hgegioy-shard-00-00.h5qu391.mongodb.net:27017',
        type: 'Unknown',
        hosts: [],
        passives: [],
        arbiters: [],
        tags: {},
        minWireVersion: 0,
        maxWireVersion: 0,
        roundTripTime: -1,
        lastUpdateTime: 1268304824,
        lastWriteDate: 0,
        error: null,
        topologyVersion: null,
        setName: null,
        setVersion: null,
        electionId: null,
        logicalSessionTimeoutMinutes: null,
        primary: null,
        me: null,
        '$clusterTime': null
      },
      'ac-hgegioy-shard-00-01.h5qu391.mongodb.net:27017' => ServerDescription {
        address: 'ac-hgegioy-shard-00-01.h5qu391.mongodb.net:27017',
        type: 'Unknown',
        hosts: [],
        passives: [],
        arbiters: [],
        tags: {},
        minWireVersion: 0,
        maxWireVersion: 0,
        roundTripTime: -1,
        lastUpdateTime: 1268324580,
        lastWriteDate: 0,
        error: MongoNetworkError: getaddrinfo ENOTFOUND ac-hgegioy-shard-00-01.h5qu391.mongodb.net
            at connectionFailureError (G:\Next-level\project\university-management-auth-service\node_modules\mongodb\src\cmap\connect.ts:491:14)
            at TLSSocket.<anonymous> (G:\Next-level\project\university-management-auth-service\node_modules\mongodb\src\cmap\connect.ts:392:16)
            at Object.onceWrapper (node:events:642:26)
            at TLSSocket.emit (node:events:527:28)
            at emitErrorNT (node:internal/streams/destroy:157:8)
            at emitErrorCloseNT (node:internal/streams/destroy:122:3)
            at processTicksAndRejections (node:internal/process/task_queues:83:21) {
          cause: Error: getaddrinfo ENOTFOUND ac-hgegioy-shard-00-01.h5qu391.mongodb.net
              at GetAddrInfoReqWrap.onlookup [as oncomplete] (node:dns:71:26) {
            errno: -3008,
            code: 'ENOTFOUND',
            syscall: 'getaddrinfo',
            hostname: 'ac-hgegioy-shard-00-01.h5qu391.mongodb.net'
          },
          [Symbol(errorLabels)]: Set(1) { 'ResetPool' }
        },
        topologyVersion: null,
        setName: null,
        setVersion: null,
        electionId: null,
        logicalSessionTimeoutMinutes: null,
        primary: null,
        me: null,
        '$clusterTime': null
      }
    },
    stale: false,
    compatible: true,
    heartbeatFrequencyMS: 10000,
    localThresholdMS: 15,
    setName: 'atlas-eugukt-shard-0',
    maxElectionId: null,
    maxSetVersion: null,
    commonWireVersion: 0,
    logicalSessionTimeoutMinutes: null
  },
  code: undefined,
  level: 'error',
  stack: "MongooseServerSelectionError: Could not connect to any servers in your MongoDB Atlas cluster. One common reason is that you're trying to access the database from an IP that isn't whitelisted. Make sure your current IP address is on your Atlas cluster's IP whitelist: https://www.mongodb.com/docs/atlas/security-whitelist/\n" +
    '    at _handleConnectionErrors (G:\\Next-level\\project\\university-management-auth-service\\node_modules\\mongoose\\lib\\connection.js:792:11)\n' +
    '    at NativeConnection.openUri (G:\\Next-level\\project\\university-management-auth-service\\node_modules\\mongoose\\lib\\connection.js:767:11)\n' +
    '    at processTicksAndRejections (node:internal/process/task_queues:96:5)',
  label: 'HV',
  timestamp: '2023-07-02T06:45:25.739Z'
}
{
  errno: undefined,
  code: 'ECONNREFUSED',
  syscall: 'querySrv',
  hostname: '_mongodb._tcp.cluster0.h5qu391.mongodb.net',
  level: 'error',
  message: 'Failed to Connect Db querySrv ECONNREFUSED _mongodb._tcp.cluster0.h5qu391.mongodb.net',
  stack: 'Error: querySrv ECONNREFUSED _mongodb._tcp.cluster0.h5qu391.mongodb.net\n' +
    '    at QueryReqWrap.onresolve [as oncomplete] (node:internal/dns/promises:173:17)',
  label: 'HV',
  timestamp: '2023-07-02T06:46:33.619Z'
}
{
  errno: undefined,
  code: 'ECONNREFUSED',
  syscall: 'querySrv',
  hostname: '_mongodb._tcp.cluster0.h5qu391.mongodb.net',
  level: 'error',
  message: 'Failed to Connect Db querySrv ECONNREFUSED _mongodb._tcp.cluster0.h5qu391.mongodb.net',
  stack: 'Error: querySrv ECONNREFUSED _mongodb._tcp.cluster0.h5qu391.mongodb.net\n' +
    '    at QueryReqWrap.onresolve [as oncomplete] (node:internal/dns/promises:173:17)',
  label: 'HV',
  timestamp: '2023-07-02T06:46:35.383Z'
}
{
  errno: undefined,
  code: 'ECONNREFUSED',
  syscall: 'querySrv',
  hostname: '_mongodb._tcp.cluster0.h5qu391.mongodb.net',
  level: 'error',
  message: 'Failed to Connect Db querySrv ECONNREFUSED _mongodb._tcp.cluster0.h5qu391.mongodb.net',
  stack: 'Error: querySrv ECONNREFUSED _mongodb._tcp.cluster0.h5qu391.mongodb.net\n' +
    '    at QueryReqWrap.onresolve [as oncomplete] (node:internal/dns/promises:173:17)',
  label: 'HV',
  timestamp: '2023-07-02T06:46:37.662Z'
}
